Chronologic VCS simulator copyright 1991-2011
Contains Synopsys proprietary information.
Compiler version F-2011.12_Full64; Runtime version F-2011.12_Full64;  Mar  3 05:55 2017
Message: From $vcdplusmemon at time 0 in file genesis_verif/testbench_unq1.v line 368: [VCD+-SFSL]: 
Setting file switch size limit to (100) megabytes.
Message: From $vcdplusmemon at time 0 in file genesis_verif/testbench_unq1.v line 368: [VCD+-SVBS]: 
Setting buffer size to (100) megabytes.
time=         0 ************** Driver Is Initializing Input Signals *****************
time=         0 ************** Loading Arguments *****************
Simulation run with default random seed=12345
Simulation will timout after 50000000 cycles
Simulation will use test file /usr/class/ee271/project/vect/vec_271_01_sv.dat
Seed=      12345 
RT Warning: No condition matches in 'unique case' statement.
        "genesis_synth/test_iterator_unq1.v", line 279, for top_rast.rast.test_iterator, at time     0.
RT Warning: No condition matches in 'unique case' statement.
        "genesis_synth/test_iterator_unq1.v", line 279, for top_rast.rast.test_iterator, at time     0.
time=     15000 ************** Driver Is Initializing Test from File *****************
Setting screen params: w=800 h=600 msaa=16
time=     30000 ************** Initializing FB and ZB *****************
time=     30010 ************** Finished Init FB and ZB *****************
time=     45000 ************** Runnning Test *****************
time=     45000 ************** Driver Is Runnning Test -->/usr/class/ee271/project/vect/vec_271_01_sv.dat<-- *****************
time=     49000 	         0 samples processed,          0 of them hit
time=     50000 	         0 samples processed,          0 of them hit
time=     51000 	         0 samples processed,          0 of them hit
time=     52000 	         0 samples processed,          0 of them hit
time=     53000 	         0 samples processed,          0 of them hit
time=     54000 	         0 samples processed,          0 of them hit
time=     55000 	         0 samples processed,          0 of them hit
time= 104276000 	    100000 samples processed,      26662 of them hit
time= 208852000 	    200000 samples processed,      56013 of them hit
time= 313132000 	    300000 samples processed,      82346 of them hit
time= 417201000 	    400000 samples processed,     102714 of them hit
time= 521168000 	    500000 samples processed,     111640 of them hit
time= 625051000 	    600000 samples processed,     112701 of them hit
time= 727820000 	    700000 samples processed,     121067 of them hit
time= 830977000 	    800000 samples processed,     127992 of them hit
time= 934195000 	    900000 samples processed,     130396 of them hit
time=1037393000 	   1000000 samples processed,     130396 of them hit
time=1141210000 	   1100000 samples processed,     130396 of them hit
time=1245428000 	   1200000 samples processed,     147827 of them hit
time=1349779000 	   1300000 samples processed,     176203 of them hit
time=1454112000 	   1400000 samples processed,     203507 of them hit
time=1558165000 	   1500000 samples processed,     230170 of them hit
time=1661285000 	   1600000 samples processed,     245230 of them hit
time=1763692000 	   1700000 samples processed,     257387 of them hit
time=1866616000 	   1800000 samples processed,     263448 of them hit
time=1866617000 	   1800000 samples processed,     263448 of them hit
time=1969801000 	   1900000 samples processed,     268579 of them hit
time=2071655000 	   2000000 samples processed,     273454 of them hit
time=2175124000 	   2100000 samples processed,     273605 of them hit
time=2279061000 	   2200000 samples processed,     273605 of them hit
time=2382930000 	   2300000 samples processed,     273605 of them hit
time=2486505000 	   2400000 samples processed,     273605 of them hit
time=2590091000 	   2500000 samples processed,     283642 of them hit
time=2692286000 	   2600000 samples processed,     287869 of them hit
time=2795993000 	   2700000 samples processed,     297904 of them hit
time=2899832000 	   2800000 samples processed,     309532 of them hit
time=3004055000 	   2900000 samples processed,     331127 of them hit
time=3108086000 	   3000000 samples processed,     357669 of them hit
time=3212335000 	   3100000 samples processed,     384224 of them hit
time=3316213000 	   3200000 samples processed,     395831 of them hit
time=3316214000 	   3200000 samples processed,     395831 of them hit
time=3420417000 	   3300000 samples processed,     396201 of them hit
time=3524642000 	   3400000 samples processed,     401921 of them hit
time=3629003000 	   3500000 samples processed,     430363 of them hit
time=3733379000 	   3600000 samples processed,     452516 of them hit
time=3837301000 	   3700000 samples processed,     477151 of them hit
time=3940787000 	   3800000 samples processed,     498857 of them hit
time=4043378000 	   3900000 samples processed,     515255 of them hit
time=4147052000 	   4000000 samples processed,     538035 of them hit
time=4250845000 	   4100000 samples processed,     561949 of them hit
time=4354817000 	   4200000 samples processed,     585208 of them hit
time=4458801000 	   4300000 samples processed,     609496 of them hit
time=4562259000 	   4400000 samples processed,     629190 of them hit
time=4562260000 	   4400000 samples processed,     629190 of them hit
time=4665968000 	   4500000 samples processed,     647811 of them hit
time=4769836000 	   4600000 samples processed,     661244 of them hit
time=4873373000 	   4700000 samples processed,     663072 of them hit
time=4977598000 	   4800000 samples processed,     671950 of them hit
time=5081772000 	   4900000 samples processed,     677253 of them hit
time=5185848000 	   5000000 samples processed,     681475 of them hit
time=5290006000 	   5100000 samples processed,     694980 of them hit
time=5394175000 	   5200000 samples processed,     700365 of them hit
time=5498283000 	   5300000 samples processed,     706975 of them hit
time=5602416000 	   5400000 samples processed,     708729 of them hit
time=5706025000 	   5500000 samples processed,     711742 of them hit
time=5810062000 	   5600000 samples processed,     714983 of them hit
time=5914029000 	   5700000 samples processed,     715244 of them hit
time=6018134000 	   5800000 samples processed,     715244 of them hit
time=6121926000 	   5900000 samples processed,     717990 of them hit
time=6226023000 	   6000000 samples processed,     718086 of them hit
time=6330189000 	   6100000 samples processed,     730986 of them hit
time=6434642000 	   6200000 samples processed,     759524 of them hit
time=6538890000 	   6300000 samples processed,     785931 of them hit
time=6642931000 	   6400000 samples processed,     795709 of them hit
time=6747279000 	   6500000 samples processed,     796587 of them hit
time=6851701000 	   6600000 samples processed,     819316 of them hit
time=6955593000 	   6700000 samples processed,     844877 of them hit
time=7059563000 	   6800000 samples processed,     869868 of them hit
time=7163752000 	   6900000 samples processed,     894194 of them hit
time=7267699000 	   7000000 samples processed,     920470 of them hit
time=7371693000 	   7100000 samples processed,     945253 of them hit
time=7475665000 	   7200000 samples processed,     973171 of them hit
time=7579931000 	   7300000 samples processed,    1001974 of them hit
time=7579932000 	   7300000 samples processed,    1001974 of them hit
time=7684068000 	   7400000 samples processed,    1028333 of them hit
time=7787939000 	   7500000 samples processed,    1054942 of them hit
time=7891936000 	   7600000 samples processed,    1082844 of them hit
time=7995650000 	   7700000 samples processed,    1092723 of them hit
time=8099426000 	   7800000 samples processed,    1092723 of them hit
time=8203516000 	   7900000 samples processed,    1092723 of them hit
time=8307543000 	   8000000 samples processed,    1092723 of them hit
time=8411381000 	   8100000 samples processed,    1092723 of them hit
time=8515360000 	   8200000 samples processed,    1092723 of them hit
time=8619218000 	   8300000 samples processed,    1092723 of them hit
time=8723169000 	   8400000 samples processed,    1092723 of them hit
time=8827185000 	   8500000 samples processed,    1092723 of them hit
time=8931137000 	   8600000 samples processed,    1092723 of them hit
time=9034978000 	   8700000 samples processed,    1092723 of them hit
time=9138990000 	   8800000 samples processed,    1092723 of them hit
time=9242896000 	   8900000 samples processed,    1111213 of them hit
time=9346873000 	   9000000 samples processed,    1137950 of them hit
time=9450794000 	   9100000 samples processed,    1163139 of them hit
time=9450795000 	   9100000 samples processed,    1163139 of them hit
time=9554833000 	   9200000 samples processed,    1188994 of them hit
time=9658943000 	   9300000 samples processed,    1215948 of them hit
time=9762507000 	   9400000 samples processed,    1238011 of them hit
time=9866509000 	   9500000 samples processed,    1263101 of them hit
time=9970692000 	   9600000 samples processed,    1275817 of them hit
time=10074822000 	   9700000 samples processed,    1276338 of them hit
time=10178760000 	   9800000 samples processed,    1276338 of them hit
time=10282829000 	   9900000 samples processed,    1276338 of them hit
time=10386685000 	  10000000 samples processed,    1276338 of them hit
time=10490764000 	  10100000 samples processed,    1276338 of them hit
time=10594744000 	  10200000 samples processed,    1276338 of them hit
time=10699039000 	  10300000 samples processed,    1285056 of them hit
time=10803329000 	  10400000 samples processed,    1308650 of them hit
time=10907945000 	  10500000 samples processed,    1322802 of them hit
time=11012413000 	  10600000 samples processed,    1325455 of them hit
time=11116757000 	  10700000 samples processed,    1333992 of them hit
time=11221081000 	  10800000 samples processed,    1361448 of them hit
time=11325413000 	  10900000 samples processed,    1390874 of them hit
time=11429658000 	  11000000 samples processed,    1418031 of them hit
time=11533390000 	  11100000 samples processed,    1443806 of them hit
time=11637523000 	  11200000 samples processed,    1470713 of them hit
time=11741520000 	  11300000 samples processed,    1496624 of them hit
time=11845389000 	  11400000 samples processed,    1522054 of them hit
time=11949378000 	  11500000 samples processed,    1547142 of them hit
time=12052892000 	  11600000 samples processed,    1564514 of them hit
time=12156845000 	  11700000 samples processed,    1586048 of them hit
time=12259651000 	  11800000 samples processed,    1594437 of them hit
time=12362769000 	  11900000 samples processed,    1596995 of them hit
time=12466217000 	  12000000 samples processed,    1597087 of them hit
time=12570121000 	  12100000 samples processed,    1597087 of them hit
time=12674444000 	  12200000 samples processed,    1600180 of them hit
time=12779017000 	  12300000 samples processed,    1603243 of them hit
time=12883278000 	  12400000 samples processed,    1603243 of them hit
time=12987546000 	  12500000 samples processed,    1609576 of them hit
time=13091612000 	  12600000 samples processed,    1614490 of them hit
time=13195903000 	  12700000 samples processed,    1621099 of them hit
time=13300043000 	  12800000 samples processed,    1635145 of them hit
time=13404050000 	  12900000 samples processed,    1638086 of them hit
time=13507898000 	  13000000 samples processed,    1640433 of them hit
time=13611871000 	  13100000 samples processed,    1648036 of them hit
time=13715958000 	  13200000 samples processed,    1649969 of them hit
time=13820307000 	  13300000 samples processed,    1655307 of them hit
time=13924796000 	  13400000 samples processed,    1679064 of them hit
time=14029164000 	  13500000 samples processed,    1708314 of them hit
time=14133498000 	  13600000 samples processed,    1735113 of them hit
time=14237697000 	  13700000 samples processed,    1763077 of them hit
time=14341842000 	  13800000 samples processed,    1791273 of them hit
time=14445950000 	  13900000 samples processed,    1819681 of them hit
time=14550128000 	  14000000 samples processed,    1847149 of them hit
time=14654256000 	  14100000 samples processed,    1871621 of them hit
time=14758227000 	  14200000 samples processed,    1897147 of them hit
time=14862198000 	  14300000 samples processed,    1915684 of them hit
time=14966175000 	  14400000 samples processed,    1929877 of them hit
time=15069553000 	  14500000 samples processed,    1945819 of them hit
time=15172801000 	  14600000 samples processed,    1963944 of them hit
time=15276462000 	  14700000 samples processed,    1966299 of them hit
time=15380524000 	  14800000 samples processed,    1966299 of them hit
time=15484630000 	  14900000 samples processed,    1966299 of them hit
time=15588720000 	  15000000 samples processed,    1966299 of them hit
time=15692632000 	  15100000 samples processed,    1966299 of them hit
time=15796712000 	  15200000 samples processed,    1966299 of them hit
time=15900855000 	  15300000 samples processed,    1966299 of them hit
time=16004998000 	  15400000 samples processed,    1966299 of them hit
time=16109191000 	  15500000 samples processed,    1966299 of them hit
time=16213167000 	  15600000 samples processed,    1966299 of them hit
time=16317173000 	  15700000 samples processed,    1976958 of them hit
time=16421113000 	  15800000 samples processed,    2002790 of them hit
time=16421114000 	  15800000 samples processed,    2002790 of them hit
time=16525096000 	  15900000 samples processed,    2025759 of them hit
time=16629163000 	  16000000 samples processed,    2051595 of them hit
time=16733003000 	  16100000 samples processed,    2075615 of them hit
time=16837223000 	  16200000 samples processed,    2094367 of them hit
time=16941250000 	  16300000 samples processed,    2118707 of them hit
time=17045230000 	  16400000 samples processed,    2135146 of them hit
time=17149243000 	  16500000 samples processed,    2151428 of them hit
time=17253337000 	  16600000 samples processed,    2158993 of them hit
time=17355660000 	  16700000 samples processed,    2166422 of them hit
time=17355661000 	  16700000 samples processed,    2166422 of them hit
time=17459904000 	  16800000 samples processed,    2167528 of them hit
time=17564157000 	  16900000 samples processed,    2167744 of them hit
time=17667638000 	  17000000 samples processed,    2171258 of them hit
time=17771760000 	  17100000 samples processed,    2171919 of them hit
time=17875865000 	  17200000 samples processed,    2173126 of them hit
time=17979655000 	  17300000 samples processed,    2173899 of them hit
time=18083797000 	  17400000 samples processed,    2187152 of them hit
time=18187765000 	  17500000 samples processed,    2211386 of them hit
time=18292121000 	  17600000 samples processed,    2237654 of them hit
time=18396193000 	  17700000 samples processed,    2250231 of them hit
time=18396194000 	  17700000 samples processed,    2250231 of them hit
time=18500031000 	  17800000 samples processed,    2256069 of them hit
time=18604182000 	  17900000 samples processed,    2268490 of them hit
time=18708128000 	  18000000 samples processed,    2279382 of them hit
time=18811987000 	  18100000 samples processed,    2286061 of them hit
time=18915705000 	  18200000 samples processed,    2299168 of them hit
time=19019990000 	  18300000 samples processed,    2313160 of them hit
time=19124243000 	  18400000 samples processed,    2314148 of them hit
time=19124244000 	  18400000 samples processed,    2314148 of them hit
time=19228600000 	  18500000 samples processed,    2314148 of them hit
time=19332947000 	  18600000 samples processed,    2328598 of them hit
time=19437028000 	  18700000 samples processed,    2351132 of them hit
time=19541354000 	  18800000 samples processed,    2370715 of them hit
time=19645866000 	  18900000 samples processed,    2390036 of them hit
time=19750151000 	  19000000 samples processed,    2398909 of them hit
time=19854387000 	  19100000 samples processed,    2402332 of them hit
time=19958613000 	  19200000 samples processed,    2420705 of them hit
time=20062375000 	  19300000 samples processed,    2437448 of them hit
time=20166522000 	  19400000 samples processed,    2447882 of them hit
time=20270738000 	  19500000 samples processed,    2461013 of them hit
time=20375249000 	  19600000 samples processed,    2471350 of them hit
time=20479603000 	  19700000 samples processed,    2479065 of them hit
time=20583509000 	  19800000 samples processed,    2479633 of them hit
time=20687609000 	  19900000 samples processed,    2479636 of them hit
time=20791830000 	  20000000 samples processed,    2506765 of them hit
time=20896108000 	  20100000 samples processed,    2530534 of them hit
time=21000287000 	  20200000 samples processed,    2549212 of them hit
time=21104700000 	  20300000 samples processed,    2559342 of them hit
time=21208993000 	  20400000 samples processed,    2563443 of them hit
time=21313264000 	  20500000 samples processed,    2566091 of them hit
time=21417262000 	  20600000 samples processed,    2568289 of them hit
time=21521411000 	  20700000 samples processed,    2584449 of them hit
time=21625877000 	  20800000 samples processed,    2599283 of them hit
time=21730458000 	  20900000 samples processed,    2611766 of them hit
time=21834495000 	  21000000 samples processed,    2617845 of them hit
time=21836881000 ************** Driver Is Done *****************
time=21836896010 ************** Writing Final Image to File *****************
time=21836896030 ************** Finished Final Image to File *****************
time=21836896040 ********************FINISH***********************
Cycles:    21836848 uPoly:      834538 sampleTests:    21002304 sampleHits:     2617845 

JJ: uPoly / cycle : 0.038217 
JJ: cycle / uPoly : 26.166391 
$finish called from file "genesis_verif/testbench_unq1.v", line 327.
$finish at simulation time          21836896040
           V C S   S i m u l a t i o n   R e p o r t 
Time: 21836896040 ns
CPU Time:    618.850 seconds;       Data structure size:   0.2Mb
Fri Mar  3 06:06:16 2017
