Chronologic VCS simulator copyright 1991-2011
Contains Synopsys proprietary information.
Compiler version F-2011.12_Full64; Runtime version F-2011.12_Full64;  Mar  3 06:12 2017
Message: From $vcdplusmemon at time 0 in file genesis_verif/testbench_unq1.v line 368: [VCD+-SFSL]: 
Setting file switch size limit to (100) megabytes.
Message: From $vcdplusmemon at time 0 in file genesis_verif/testbench_unq1.v line 368: [VCD+-SVBS]: 
Setting buffer size to (100) megabytes.
time=         0 ************** Driver Is Initializing Input Signals *****************
time=         0 ************** Loading Arguments *****************
Simulation run with default random seed=12345
Simulation will timout after 50000000 cycles
Simulation will use test file /usr/class/ee271/project/vect/vec_271_04_sv.dat
Seed=      12345 
RT Warning: No condition matches in 'unique case' statement.
        "genesis_synth/test_iterator_unq1.v", line 279, for top_rast.rast.test_iterator, at time     0.
RT Warning: No condition matches in 'unique case' statement.
        "genesis_synth/test_iterator_unq1.v", line 279, for top_rast.rast.test_iterator, at time     0.
time=     15000 ************** Driver Is Initializing Test from File *****************
Setting screen params: w=800 h=600 msaa=16
time=     30000 ************** Initializing FB and ZB *****************
time=     30010 ************** Finished Init FB and ZB *****************
time=     45000 ************** Runnning Test *****************
time=     45000 ************** Driver Is Runnning Test -->/usr/class/ee271/project/vect/vec_271_04_sv.dat<-- *****************
time=     49000 	         0 samples processed,          0 of them hit
time=     50000 	         0 samples processed,          0 of them hit
time=     51000 	         0 samples processed,          0 of them hit
time=     52000 	         0 samples processed,          0 of them hit
time=     53000 	         0 samples processed,          0 of them hit
time=     54000 	         0 samples processed,          0 of them hit
time=     55000 	         0 samples processed,          0 of them hit
time= 104390000 	    100000 samples processed,      23734 of them hit
time= 208505000 	    200000 samples processed,      50840 of them hit
time= 312479000 	    300000 samples processed,      78541 of them hit
time= 416729000 	    400000 samples processed,     105195 of them hit
time= 520673000 	    500000 samples processed,     129626 of them hit
time= 624664000 	    600000 samples processed,     143117 of them hit
time= 728757000 	    700000 samples processed,     154483 of them hit
time= 833121000 	    800000 samples processed,     154483 of them hit
time= 937413000 	    900000 samples processed,     157714 of them hit
time=1041468000 	   1000000 samples processed,     157714 of them hit
time=1145617000 	   1100000 samples processed,     170186 of them hit
time=1249857000 	   1200000 samples processed,     196678 of them hit
time=1353906000 	   1300000 samples processed,     225047 of them hit
time=1457679000 	   1400000 samples processed,     250525 of them hit
time=1561723000 	   1500000 samples processed,     277061 of them hit
time=1665890000 	   1600000 samples processed,     302275 of them hit
time=1769623000 	   1700000 samples processed,     308020 of them hit
time=1873566000 	   1800000 samples processed,     322335 of them hit
time=1977932000 	   1900000 samples processed,     327277 of them hit
time=2082145000 	   2000000 samples processed,     327277 of them hit
time=2186384000 	   2100000 samples processed,     330508 of them hit
time=2290441000 	   2200000 samples processed,     330508 of them hit
time=2394436000 	   2300000 samples processed,     340709 of them hit
time=2498268000 	   2400000 samples processed,     354413 of them hit
time=2602507000 	   2500000 samples processed,     373352 of them hit
time=2706684000 	   2600000 samples processed,     400034 of them hit
time=2810661000 	   2700000 samples processed,     428892 of them hit
time=2914723000 	   2800000 samples processed,     458131 of them hit
time=3018493000 	   2900000 samples processed,     484042 of them hit
time=3122477000 	   3000000 samples processed,     510712 of them hit
time=3226196000 	   3100000 samples processed,     538536 of them hit
time=3330069000 	   3200000 samples processed,     567434 of them hit
time=3433927000 	   3300000 samples processed,     595355 of them hit
time=3538091000 	   3400000 samples processed,     624203 of them hit
time=3642415000 	   3500000 samples processed,     652154 of them hit
time=3746443000 	   3600000 samples processed,     677372 of them hit
time=3850718000 	   3700000 samples processed,     706757 of them hit
time=3955113000 	   3800000 samples processed,     719571 of them hit
time=4058845000 	   3900000 samples processed,     738656 of them hit
time=4163143000 	   4000000 samples processed,     742057 of them hit
time=4267519000 	   4100000 samples processed,     746999 of them hit
time=4371838000 	   4200000 samples processed,     750230 of them hit
time=4475999000 	   4300000 samples processed,     750230 of them hit
time=4580035000 	   4400000 samples processed,     750230 of them hit
time=4684181000 	   4500000 samples processed,     750230 of them hit
time=4684182000 	   4500000 samples processed,     750230 of them hit
time=4788509000 	   4600000 samples processed,     750263 of them hit
time=4892285000 	   4700000 samples processed,     750263 of them hit
time=4995936000 	   4800000 samples processed,     750263 of them hit
time=5099688000 	   4900000 samples processed,     750263 of them hit
time=5203270000 	   5000000 samples processed,     750263 of them hit
time=5307225000 	   5100000 samples processed,     750263 of them hit
time=5411524000 	   5200000 samples processed,     771016 of them hit
time=5515632000 	   5300000 samples processed,     798022 of them hit
time=5619660000 	   5400000 samples processed,     827050 of them hit
time=5723631000 	   5500000 samples processed,     855576 of them hit
time=5827384000 	   5600000 samples processed,     881470 of them hit
time=5931205000 	   5700000 samples processed,     907023 of them hit
time=6035196000 	   5800000 samples processed,     935151 of them hit
time=6138968000 	   5900000 samples processed,     962962 of them hit
time=6242829000 	   6000000 samples processed,     991764 of them hit
time=6346636000 	   6100000 samples processed,    1019322 of them hit
time=6450292000 	   6200000 samples processed,    1044752 of them hit
time=6554344000 	   6300000 samples processed,    1072715 of them hit
time=6658360000 	   6400000 samples processed,    1099291 of them hit
time=6762544000 	   6500000 samples processed,    1127625 of them hit
time=6866758000 	   6600000 samples processed,    1153731 of them hit
time=6970656000 	   6700000 samples processed,    1158000 of them hit
time=7074375000 	   6800000 samples processed,    1176943 of them hit
time=7178455000 	   6900000 samples processed,    1188808 of them hit
time=7282816000 	   7000000 samples processed,    1188808 of them hit
time=7386981000 	   7100000 samples processed,    1189980 of them hit
time=7491150000 	   7200000 samples processed,    1198078 of them hit
time=7595210000 	   7300000 samples processed,    1198078 of them hit
time=7699271000 	   7400000 samples processed,    1198078 of them hit
time=7803289000 	   7500000 samples processed,    1198078 of them hit
time=7907304000 	   7600000 samples processed,    1198078 of them hit
time=8011412000 	   7700000 samples processed,    1198078 of them hit
time=8114961000 	   7800000 samples processed,    1198078 of them hit
time=8218979000 	   7900000 samples processed,    1198078 of them hit
time=8322999000 	   8000000 samples processed,    1198078 of them hit
time=8426640000 	   8100000 samples processed,    1198078 of them hit
time=8530539000 	   8200000 samples processed,    1198078 of them hit
time=8634418000 	   8300000 samples processed,    1198078 of them hit
time=8634419000 	   8300000 samples processed,    1198078 of them hit
time=8738365000 	   8400000 samples processed,    1213807 of them hit
time=8738366000 	   8400000 samples processed,    1213807 of them hit
time=8842271000 	   8500000 samples processed,    1240352 of them hit
time=8945835000 	   8600000 samples processed,    1256858 of them hit
time=9049750000 	   8700000 samples processed,    1269464 of them hit
time=9153706000 	   8800000 samples processed,    1269548 of them hit
time=9257821000 	   8900000 samples processed,    1278797 of them hit
time=9361831000 	   9000000 samples processed,    1296022 of them hit
time=9361832000 	   9000000 samples processed,    1296022 of them hit
time=9465738000 	   9100000 samples processed,    1302136 of them hit
time=9569976000 	   9200000 samples processed,    1323418 of them hit
time=9674056000 	   9300000 samples processed,    1352873 of them hit
time=9777954000 	   9400000 samples processed,    1380405 of them hit
time=9881923000 	   9500000 samples processed,    1408940 of them hit
time=9985878000 	   9600000 samples processed,    1437529 of them hit
time=10089710000 	   9700000 samples processed,    1465323 of them hit
time=10193404000 	   9800000 samples processed,    1493247 of them hit
time=10297319000 	   9900000 samples processed,    1522475 of them hit
time=10297320000 	   9900000 samples processed,    1522475 of them hit
time=10401149000 	  10000000 samples processed,    1549538 of them hit
time=10505503000 	  10100000 samples processed,    1579338 of them hit
time=10609962000 	  10200000 samples processed,    1607419 of them hit
time=10714298000 	  10300000 samples processed,    1633247 of them hit
time=10818115000 	  10400000 samples processed,    1650538 of them hit
time=10922419000 	  10500000 samples processed,    1674661 of them hit
time=11026754000 	  10600000 samples processed,    1696757 of them hit
time=11130795000 	  10700000 samples processed,    1724973 of them hit
time=11234779000 	  10800000 samples processed,    1745221 of them hit
time=11338585000 	  10900000 samples processed,    1759416 of them hit
time=11442660000 	  11000000 samples processed,    1760302 of them hit
time=11546545000 	  11100000 samples processed,    1760302 of them hit
time=11650814000 	  11200000 samples processed,    1760417 of them hit
time=11755000000 	  11300000 samples processed,    1760417 of them hit
time=11858952000 	  11400000 samples processed,    1760417 of them hit
time=11962528000 	  11500000 samples processed,    1760417 of them hit
time=12066697000 	  11600000 samples processed,    1760417 of them hit
time=12170738000 	  11700000 samples processed,    1760417 of them hit
time=12274440000 	  11800000 samples processed,    1760417 of them hit
time=12377649000 	  11900000 samples processed,    1767510 of them hit
time=12481661000 	  12000000 samples processed,    1767681 of them hit
time=12585910000 	  12100000 samples processed,    1769332 of them hit
time=12585911000 	  12100000 samples processed,    1769332 of them hit
time=12690175000 	  12200000 samples processed,    1769610 of them hit
time=12794385000 	  12300000 samples processed,    1776888 of them hit
time=12898090000 	  12400000 samples processed,    1776888 of them hit
time=13002502000 	  12500000 samples processed,    1779872 of them hit
time=13106521000 	  12600000 samples processed,    1799197 of them hit
time=13210605000 	  12700000 samples processed,    1828735 of them hit
time=13314617000 	  12800000 samples processed,    1849807 of them hit
time=13418415000 	  12900000 samples processed,    1875933 of them hit
time=13522452000 	  13000000 samples processed,    1901682 of them hit
time=13626428000 	  13100000 samples processed,    1930577 of them hit
time=13730288000 	  13200000 samples processed,    1958736 of them hit
time=13834357000 	  13300000 samples processed,    1986902 of them hit
time=13938388000 	  13400000 samples processed,    2015135 of them hit
time=14042079000 	  13500000 samples processed,    2043045 of them hit
time=14145990000 	  13600000 samples processed,    2072269 of them hit
time=14249707000 	  13700000 samples processed,    2098372 of them hit
time=14353400000 	  13800000 samples processed,    2124000 of them hit
time=14457625000 	  13900000 samples processed,    2153472 of them hit
time=14561756000 	  14000000 samples processed,    2180419 of them hit
time=14666030000 	  14100000 samples processed,    2192712 of them hit
time=14770410000 	  14200000 samples processed,    2217972 of them hit
time=14874711000 	  14300000 samples processed,    2247434 of them hit
time=14979040000 	  14400000 samples processed,    2272823 of them hit
time=15083207000 	  14500000 samples processed,    2287962 of them hit
time=15187417000 	  14600000 samples processed,    2303498 of them hit
time=15291507000 	  14700000 samples processed,    2320921 of them hit
time=15395291000 	  14800000 samples processed,    2345246 of them hit
time=15499181000 	  14900000 samples processed,    2358304 of them hit
time=15602957000 	  15000000 samples processed,    2364347 of them hit
time=15706774000 	  15100000 samples processed,    2364347 of them hit
time=15810953000 	  15200000 samples processed,    2364429 of them hit
time=15914767000 	  15300000 samples processed,    2364429 of them hit
time=16018767000 	  15400000 samples processed,    2368307 of them hit
time=16122979000 	  15500000 samples processed,    2369076 of them hit
time=16226651000 	  15600000 samples processed,    2369076 of them hit
time=16330391000 	  15700000 samples processed,    2369076 of them hit
time=16434668000 	  15800000 samples processed,    2369076 of them hit
time=16538780000 	  15900000 samples processed,    2369076 of them hit
time=16642888000 	  16000000 samples processed,    2369076 of them hit
time=16746703000 	  16100000 samples processed,    2369076 of them hit
time=16849528000 	  16200000 samples processed,    2372131 of them hit
time=16953547000 	  16300000 samples processed,    2372131 of them hit
time=17057793000 	  16400000 samples processed,    2372460 of them hit
time=17161871000 	  16500000 samples processed,    2372460 of them hit
time=17266254000 	  16600000 samples processed,    2375048 of them hit
time=17370485000 	  16700000 samples processed,    2375048 of them hit
time=17474315000 	  16800000 samples processed,    2375048 of them hit
time=17578208000 	  16900000 samples processed,    2375138 of them hit
time=17682405000 	  17000000 samples processed,    2377302 of them hit
time=17786368000 	  17100000 samples processed,    2403186 of them hit
time=17890394000 	  17200000 samples processed,    2429637 of them hit
time=17994192000 	  17300000 samples processed,    2455614 of them hit
time=18098177000 	  17400000 samples processed,    2482895 of them hit
time=18202747000 	  17500000 samples processed,    2497650 of them hit
time=18307077000 	  17600000 samples processed,    2521751 of them hit
time=18411184000 	  17700000 samples processed,    2536736 of them hit
time=18515214000 	  17800000 samples processed,    2537429 of them hit
time=18619117000 	  17900000 samples processed,    2550057 of them hit
time=18722801000 	  18000000 samples processed,    2550604 of them hit
time=18826623000 	  18100000 samples processed,    2551750 of them hit
time=18930765000 	  18200000 samples processed,    2555251 of them hit
time=19034553000 	  18300000 samples processed,    2555911 of them hit
time=19138775000 	  18400000 samples processed,    2561359 of them hit
time=19242581000 	  18500000 samples processed,    2580607 of them hit
time=19346540000 	  18600000 samples processed,    2585609 of them hit
time=19450845000 	  18700000 samples processed,    2606172 of them hit
time=19554851000 	  18800000 samples processed,    2635002 of them hit
time=19554852000 	  18800000 samples processed,    2635002 of them hit
time=19658785000 	  18900000 samples processed,    2653752 of them hit
time=19762628000 	  19000000 samples processed,    2675124 of them hit
time=19867044000 	  19100000 samples processed,    2703489 of them hit
time=19971130000 	  19200000 samples processed,    2730561 of them hit
time=20075141000 	  19300000 samples processed,    2758061 of them hit
time=20179050000 	  19400000 samples processed,    2768882 of them hit
time=20282761000 	  19500000 samples processed,    2774148 of them hit
time=20386858000 	  19600000 samples processed,    2774159 of them hit
time=20491096000 	  19700000 samples processed,    2774159 of them hit
time=20594781000 	  19800000 samples processed,    2780700 of them hit
time=20698501000 	  19900000 samples processed,    2781367 of them hit
time=20802700000 	  20000000 samples processed,    2782937 of them hit
time=20907115000 	  20100000 samples processed,    2790493 of them hit
time=21011445000 	  20200000 samples processed,    2804596 of them hit
time=21115475000 	  20300000 samples processed,    2830308 of them hit
time=21219494000 	  20400000 samples processed,    2859146 of them hit
time=21323359000 	  20500000 samples processed,    2887232 of them hit
time=21427388000 	  20600000 samples processed,    2915545 of them hit
time=21531438000 	  20700000 samples processed,    2938217 of them hit
time=21636022000 	  20800000 samples processed,    2953083 of them hit
time=21740399000 	  20900000 samples processed,    2979360 of them hit
time=21844606000 	  21000000 samples processed,    3006178 of them hit
time=21948752000 	  21100000 samples processed,    3009875 of them hit
time=22053012000 	  21200000 samples processed,    3027441 of them hit
time=22156917000 	  21300000 samples processed,    3054734 of them hit
time=22260758000 	  21400000 samples processed,    3066947 of them hit
time=22364520000 	  21500000 samples processed,    3068112 of them hit
time=22468554000 	  21600000 samples processed,    3068194 of them hit
time=22572750000 	  21700000 samples processed,    3072841 of them hit
time=22676856000 	  21800000 samples processed,    3072841 of them hit
time=22780138000 	  21900000 samples processed,    3075814 of them hit
time=22884074000 	  22000000 samples processed,    3075896 of them hit
time=22988127000 	  22100000 samples processed,    3076088 of them hit
time=22988128000 	  22100000 samples processed,    3076088 of them hit
time=23092517000 	  22200000 samples processed,    3078676 of them hit
time=23196649000 	  22300000 samples processed,    3094832 of them hit
time=23300673000 	  22400000 samples processed,    3121334 of them hit
time=23404806000 	  22500000 samples processed,    3148294 of them hit
time=23509399000 	  22600000 samples processed,    3163226 of them hit
time=23613552000 	  22700000 samples processed,    3189384 of them hit
time=23717738000 	  22800000 samples processed,    3195727 of them hit
time=23821813000 	  22900000 samples processed,    3199025 of them hit
time=23925572000 	  23000000 samples processed,    3199025 of them hit
time=24029249000 	  23100000 samples processed,    3204246 of them hit
time=24130267000 ************** Driver Is Done *****************
time=24130282010 ************** Writing Final Image to File *****************
time=24130282030 ************** Finished Final Image to File *****************
time=24130282040 ********************FINISH***********************
Cycles:    24130234 uPoly:      933265 sampleTests:    23196963 sampleHits:     3207324 

JJ: uPoly / cycle : 0.038676 
JJ: cycle / uPoly : 25.855715 
$finish called from file "genesis_verif/testbench_unq1.v", line 327.
$finish at simulation time          24130282040
           V C S   S i m u l a t i o n   R e p o r t 
Time: 24130282040 ns
CPU Time:    683.790 seconds;       Data structure size:   0.2Mb
Fri Mar  3 06:24:06 2017
