Chronologic VCS simulator copyright 1991-2011
Contains Synopsys proprietary information.
Compiler version F-2011.12_Full64; Runtime version F-2011.12_Full64;  Mar  4 04:42 2017
Message: From $vcdplusmemon at time 0 in file genesis_verif/testbench_unq1.v line 430: [VCD+-SFSL]: 
Setting file switch size limit to (100) megabytes.
Message: From $vcdplusmemon at time 0 in file genesis_verif/testbench_unq1.v line 430: [VCD+-SVBS]: 
Setting buffer size to (100) megabytes.
time=         0 ************** Driver Is Initializing Input Signals *****************
time=         0 ************** Loading Arguments *****************
Simulation run with default random seed=12345
Simulation will timout after 50000000 cycles
Simulation will use test file /usr/class/ee271/project/vect/vec_271_03_sv_short.dat
Seed=      12345 
RT Warning: No condition matches in 'unique case' statement.
        "genesis_synth/bbox_unq1.v", line 269, for top_rast.rast.bbox, at time     0.
RT Warning: No condition matches in 'unique case' statement.
        "genesis_synth/bbox_unq1.v", line 275, for top_rast.rast.bbox, at time     0.
RT Warning: No condition matches in 'unique case' statement.
        "genesis_synth/bbox_unq1.v", line 281, for top_rast.rast.bbox, at time     0.
RT Warning: No condition matches in 'unique case' statement.
        "genesis_synth/bbox_unq1.v", line 287, for top_rast.rast.bbox, at time     0.
RT Warning: No condition matches in 'unique case' statement.
        "genesis_synth/test_iterator_unq1.v", line 279, for top_rast.rast.test_iterator, at time     0.
RT Warning: No condition matches in 'unique case' statement.
        "genesis_synth/test_iterator_unq1.v", line 279, for top_rast.rast.test_iterator, at time     0.
time=     15000 ************** Driver Is Initializing Test from File *****************
Setting screen params: w=800 h=600 msaa=16
time=     30000 ************** Initializing FB and ZB *****************
time=     30010 ************** Finished Init FB and ZB *****************
time=     45000 ************** Runnning Test *****************
time=     45000 ************** Driver Is Runnning Test -->/usr/class/ee271/project/vect/vec_271_03_sv_short.dat<-- *****************
time=     49000 	         0 samples processed,          0 of them hit
time=     50000 	         0 samples processed,          0 of them hit
time=     51000 	         0 samples processed,          0 of them hit
time=     52000 	         0 samples processed,          0 of them hit
time=     53000 	         0 samples processed,          0 of them hit
time=     54000 	         0 samples processed,          0 of them hit
time=     55000 	         0 samples processed,          0 of them hit
time=     56000 	         0 samples processed,          0 of them hit
time=     57000 	         0 samples processed,          0 of them hit
time= 104331000 	    100000 samples processed,      18064 of them hit
time= 208564000 	    200000 samples processed,      29754 of them hit
time= 244812000 ************** Driver Is Done *****************
time= 244827010 ************** Writing Final Image to File *****************
time= 244827030 ************** Finished Final Image to File *****************
time= 244827040 ********************FINISH***********************
Cycles:      244779 uPoly:       10001 sampleTests:      234752 sampleHits:       37746 

JJ: uPoly / cycle : 0.040857 
JJ: cycle / uPoly : 24.475452 
$finish called from file "genesis_verif/testbench_unq1.v", line 389.
$finish at simulation time            244827040
           V C S   S i m u l a t i o n   R e p o r t 
Time: 244827040 ns
CPU Time:     22.440 seconds;       Data structure size:   0.3Mb
Sat Mar  4 04:42:59 2017
